{"/Users/mac/Desktop/my-brand-api/src/server.ts": {"path":"/Users/mac/Desktop/my-brand-api/src/server.ts","statementMap":{"0":{"start":{"line":1,"column":0},"end":{"line":1,"column":45}},"1":{"start":{"line":2,"column":0},"end":{"line":2,"column":37}},"2":{"start":{"line":3,"column":0},"end":{"line":3,"column":41}},"3":{"start":{"line":4,"column":0},"end":{"line":4,"column":38}},"4":{"start":{"line":5,"column":0},"end":{"line":5,"column":24}},"5":{"start":{"line":6,"column":0},"end":{"line":6,"column":28}},"6":{"start":{"line":7,"column":0},"end":{"line":7,"column":43}},"7":{"start":{"line":8,"column":0},"end":{"line":8,"column":43}},"8":{"start":{"line":9,"column":0},"end":{"line":9,"column":39}},"9":{"start":{"line":10,"column":0},"end":{"line":10,"column":42}},"10":{"start":{"line":12,"column":0},"end":{"line":12,"column":null}},"11":{"start":{"line":13,"column":25},"end":{"line":13,"column":34}},"12":{"start":{"line":15,"column":0},"end":{"line":15,"column":23}},"13":{"start":{"line":16,"column":0},"end":{"line":16,"column":24}},"14":{"start":{"line":17,"column":0},"end":{"line":17,"column":27}},"15":{"start":{"line":18,"column":0},"end":{"line":22,"column":2}},"16":{"start":{"line":23,"column":0},"end":{"line":23,"column":null}},"17":{"start":{"line":24,"column":0},"end":{"line":24,"column":null}},"18":{"start":{"line":25,"column":0},"end":{"line":29,"column":2}},"19":{"start":{"line":30,"column":0},"end":{"line":30,"column":68}},"20":{"start":{"line":31,"column":0},"end":{"line":31,"column":17}},"21":{"start":{"line":34,"column":0},"end":{"line":43,"column":5}},"22":{"start":{"line":34,"column":12},"end":{"line":43,"column":2}},"23":{"start":{"line":35,"column":4},"end":{"line":42,"column":5}},"24":{"start":{"line":36,"column":8},"end":{"line":36,"column":27}},"25":{"start":{"line":37,"column":23},"end":{"line":39,"column":10}},"26":{"start":{"line":38,"column":12},"end":{"line":38,"column":58}},"27":{"start":{"line":41,"column":8},"end":{"line":41,"column":55}},"28":{"start":{"line":46,"column":0},"end":{"line":46,"column":null}}},"fnMap":{"0":{"name":"(anonymous_8)","decl":{"start":{"line":34,"column":1},"end":{"line":34,"column":10}},"loc":{"start":{"line":34,"column":12},"end":{"line":43,"column":2}}},"1":{"name":"(anonymous_9)","decl":{"start":{"line":34,"column":12},"end":{"line":34,"column":null}},"loc":{"start":{"line":34,"column":12},"end":{"line":43,"column":1}}},"2":{"name":"(anonymous_10)","decl":{"start":{"line":37,"column":40},"end":{"line":37,"column":43}},"loc":{"start":{"line":37,"column":45},"end":{"line":39,"column":9}}}},"branchMap":{},"s":{"0":1,"1":1,"2":1,"3":1,"4":1,"5":1,"6":1,"7":1,"8":1,"9":1,"10":1,"11":1,"12":1,"13":1,"14":1,"15":1,"16":1,"17":1,"18":1,"19":1,"20":1,"21":1,"22":1,"23":1,"24":1,"25":1,"26":1,"27":0,"28":1},"f":{"0":1,"1":1,"2":1},"b":{}}
,"/Users/mac/Desktop/my-brand-api/src/controllers/comments_controller.ts": {"path":"/Users/mac/Desktop/my-brand-api/src/controllers/comments_controller.ts","statementMap":{"0":{"start":{"line":2,"column":0},"end":{"line":2,"column":117}},"1":{"start":{"line":3,"column":0},"end":{"line":3,"column":51}},"2":{"start":{"line":81,"column":30},"end":{"line":116,"column":null}},"3":{"start":{"line":81,"column":84},"end":{"line":116,"column":null}},"4":{"start":{"line":82,"column":4},"end":{"line":115,"column":5}},"5":{"start":{"line":83,"column":21},"end":{"line":83,"column":31}},"6":{"start":{"line":84,"column":40},"end":{"line":84,"column":48}},"7":{"start":{"line":85,"column":24},"end":{"line":85,"column":54}},"8":{"start":{"line":87,"column":8},"end":{"line":93,"column":9}},"9":{"start":{"line":88,"column":12},"end":{"line":91,"column":null}},"10":{"start":{"line":92,"column":12},"end":{"line":92,"column":19}},"11":{"start":{"line":94,"column":27},"end":{"line":96,"column":14}},"12":{"start":{"line":98,"column":8},"end":{"line":102,"column":10}},"13":{"start":{"line":103,"column":8},"end":{"line":108,"column":11}},"14":{"start":{"line":110,"column":8},"end":{"line":110,"column":null}},"15":{"start":{"line":111,"column":8},"end":{"line":114,"column":11}},"16":{"start":{"line":81,"column":13},"end":{"line":81,"column":30}},"17":{"start":{"line":166,"column":27},"end":{"line":184,"column":null}},"18":{"start":{"line":166,"column":81},"end":{"line":184,"column":null}},"19":{"start":{"line":167,"column":4},"end":{"line":183,"column":5}},"20":{"start":{"line":168,"column":25},"end":{"line":168,"column":47}},"21":{"start":{"line":169,"column":8},"end":{"line":175,"column":9}},"22":{"start":{"line":170,"column":12},"end":{"line":173,"column":15}},"23":{"start":{"line":174,"column":12},"end":{"line":174,"column":19}},"24":{"start":{"line":176,"column":8},"end":{"line":176,"column":null}},"25":{"start":{"line":178,"column":8},"end":{"line":178,"column":null}},"26":{"start":{"line":179,"column":8},"end":{"line":182,"column":11}},"27":{"start":{"line":166,"column":13},"end":{"line":166,"column":27}},"28":{"start":{"line":229,"column":29},"end":{"line":259,"column":null}},"29":{"start":{"line":229,"column":83},"end":{"line":259,"column":null}},"30":{"start":{"line":230,"column":4},"end":{"line":258,"column":5}},"31":{"start":{"line":231,"column":21},"end":{"line":231,"column":31}},"32":{"start":{"line":233,"column":20},"end":{"line":233,"column":43}},"33":{"start":{"line":235,"column":8},"end":{"line":241,"column":9}},"34":{"start":{"line":236,"column":12},"end":{"line":239,"column":15}},"35":{"start":{"line":240,"column":12},"end":{"line":240,"column":19}},"36":{"start":{"line":244,"column":8},"end":{"line":244,"column":50}},"37":{"start":{"line":247,"column":8},"end":{"line":250,"column":10}},"38":{"start":{"line":251,"column":8},"end":{"line":251,"column":null}},"39":{"start":{"line":253,"column":8},"end":{"line":253,"column":null}},"40":{"start":{"line":254,"column":8},"end":{"line":257,"column":11}},"41":{"start":{"line":229,"column":13},"end":{"line":229,"column":29}}},"fnMap":{"0":{"name":"(anonymous_8)","decl":{"start":{"line":81,"column":30},"end":{"line":81,"column":37}},"loc":{"start":{"line":81,"column":84},"end":{"line":116,"column":null}}},"1":{"name":"(anonymous_9)","decl":{"start":{"line":81,"column":84},"end":{"line":81,"column":null}},"loc":{"start":{"line":81,"column":84},"end":{"line":116,"column":1}}},"2":{"name":"(anonymous_10)","decl":{"start":{"line":166,"column":27},"end":{"line":166,"column":34}},"loc":{"start":{"line":166,"column":81},"end":{"line":184,"column":null}}},"3":{"name":"(anonymous_11)","decl":{"start":{"line":166,"column":81},"end":{"line":166,"column":null}},"loc":{"start":{"line":166,"column":81},"end":{"line":184,"column":1}}},"4":{"name":"(anonymous_12)","decl":{"start":{"line":229,"column":29},"end":{"line":229,"column":36}},"loc":{"start":{"line":229,"column":83},"end":{"line":259,"column":null}}},"5":{"name":"(anonymous_13)","decl":{"start":{"line":229,"column":83},"end":{"line":229,"column":null}},"loc":{"start":{"line":229,"column":83},"end":{"line":259,"column":1}}}},"branchMap":{"0":{"loc":{"start":{"line":87,"column":8},"end":{"line":93,"column":9}},"type":"if","locations":[{"start":{"line":87,"column":8},"end":{"line":93,"column":9}}]},"1":{"loc":{"start":{"line":169,"column":8},"end":{"line":175,"column":9}},"type":"if","locations":[{"start":{"line":169,"column":8},"end":{"line":175,"column":9}}]},"2":{"loc":{"start":{"line":235,"column":8},"end":{"line":241,"column":9}},"type":"if","locations":[{"start":{"line":235,"column":8},"end":{"line":241,"column":9}}]}},"s":{"0":1,"1":1,"2":1,"3":0,"4":0,"5":0,"6":0,"7":0,"8":0,"9":0,"10":0,"11":0,"12":0,"13":0,"14":0,"15":0,"16":1,"17":1,"18":1,"19":1,"20":1,"21":1,"22":0,"23":0,"24":1,"25":0,"26":0,"27":1,"28":1,"29":0,"30":0,"31":0,"32":0,"33":0,"34":0,"35":0,"36":0,"37":0,"38":0,"39":0,"40":0,"41":1},"f":{"0":0,"1":0,"2":1,"3":1,"4":0,"5":0},"b":{"0":[0],"1":[0],"2":[0]}}
,"/Users/mac/Desktop/my-brand-api/src/db/connection.ts": {"path":"/Users/mac/Desktop/my-brand-api/src/db/connection.ts","statementMap":{"0":{"start":{"line":1,"column":0},"end":{"line":1,"column":32}},"1":{"start":{"line":2,"column":0},"end":{"line":2,"column":28}},"2":{"start":{"line":4,"column":0},"end":{"line":4,"column":16}},"3":{"start":{"line":5,"column":26},"end":{"line":15,"column":2}},"4":{"start":{"line":5,"column":37},"end":{"line":15,"column":2}},"5":{"start":{"line":6,"column":4},"end":{"line":6,"column":38}},"6":{"start":{"line":7,"column":26},"end":{"line":7,"column":47}},"7":{"start":{"line":8,"column":4},"end":{"line":14,"column":5}},"8":{"start":{"line":9,"column":8},"end":{"line":9,"column":41}},"9":{"start":{"line":13,"column":8},"end":{"line":13,"column":20}},"10":{"start":{"line":5,"column":13},"end":{"line":5,"column":26}}},"fnMap":{"0":{"name":"(anonymous_8)","decl":{"start":{"line":5,"column":26},"end":{"line":5,"column":35}},"loc":{"start":{"line":5,"column":37},"end":{"line":15,"column":2}}},"1":{"name":"(anonymous_9)","decl":{"start":{"line":5,"column":37},"end":{"line":5,"column":null}},"loc":{"start":{"line":5,"column":37},"end":{"line":15,"column":1}}}},"branchMap":{},"s":{"0":1,"1":1,"2":1,"3":1,"4":1,"5":1,"6":1,"7":1,"8":1,"9":0,"10":1},"f":{"0":1,"1":1},"b":{}}
,"/Users/mac/Desktop/my-brand-api/src/models/article_model.ts": {"path":"/Users/mac/Desktop/my-brand-api/src/models/article_model.ts","statementMap":{"0":{"start":{"line":1,"column":0},"end":{"line":1,"column":32}},"1":{"start":{"line":3,"column":22},"end":{"line":8,"column":2}},"2":{"start":{"line":9,"column":13},"end":{"line":9,"column":null}},"3":{"start":{"line":10,"column":24},"end":{"line":10,"column":49}},"4":{"start":{"line":10,"column":30},"end":{"line":10,"column":49}},"5":{"start":{"line":10,"column":13},"end":{"line":10,"column":24}},"6":{"start":{"line":11,"column":37},"end":{"line":11,"column":92}},"7":{"start":{"line":11,"column":56},"end":{"line":11,"column":92}},"8":{"start":{"line":11,"column":13},"end":{"line":11,"column":37}},"9":{"start":{"line":12,"column":32},"end":{"line":12,"column":94}},"10":{"start":{"line":12,"column":48},"end":{"line":12,"column":94}},"11":{"start":{"line":12,"column":13},"end":{"line":12,"column":32}},"12":{"start":{"line":13,"column":30},"end":{"line":13,"column":129}},"13":{"start":{"line":13,"column":60},"end":{"line":13,"column":129}},"14":{"start":{"line":13,"column":110},"end":{"line":13,"column":128}},"15":{"start":{"line":13,"column":13},"end":{"line":13,"column":30}},"16":{"start":{"line":14,"column":35},"end":{"line":14,"column":91}},"17":{"start":{"line":14,"column":51},"end":{"line":14,"column":91}},"18":{"start":{"line":14,"column":13},"end":{"line":14,"column":35}},"19":{"start":{"line":15,"column":33},"end":{"line":17,"column":null}},"20":{"start":{"line":15,"column":75},"end":{"line":17,"column":null}},"21":{"start":{"line":15,"column":13},"end":{"line":15,"column":33}},"22":{"start":{"line":19,"column":0},"end":{"line":19,"column":null}}},"fnMap":{"0":{"name":"(anonymous_1)","decl":{"start":{"line":10,"column":24},"end":{"line":10,"column":27}},"loc":{"start":{"line":10,"column":30},"end":{"line":10,"column":49}}},"1":{"name":"(anonymous_2)","decl":{"start":{"line":11,"column":37},"end":{"line":11,"column":38}},"loc":{"start":{"line":11,"column":56},"end":{"line":11,"column":92}}},"2":{"name":"(anonymous_3)","decl":{"start":{"line":12,"column":32},"end":{"line":12,"column":33}},"loc":{"start":{"line":12,"column":48},"end":{"line":12,"column":94}}},"3":{"name":"(anonymous_4)","decl":{"start":{"line":13,"column":30},"end":{"line":13,"column":31}},"loc":{"start":{"line":13,"column":60},"end":{"line":13,"column":129}}},"4":{"name":"(anonymous_5)","decl":{"start":{"line":13,"column":97},"end":{"line":13,"column":98}},"loc":{"start":{"line":13,"column":110},"end":{"line":13,"column":128}}},"5":{"name":"(anonymous_6)","decl":{"start":{"line":14,"column":35},"end":{"line":14,"column":36}},"loc":{"start":{"line":14,"column":51},"end":{"line":14,"column":91}}},"6":{"name":"(anonymous_7)","decl":{"start":{"line":15,"column":33},"end":{"line":15,"column":34}},"loc":{"start":{"line":15,"column":75},"end":{"line":17,"column":null}}}},"branchMap":{},"s":{"0":1,"1":1,"2":1,"3":1,"4":1,"5":1,"6":1,"7":0,"8":1,"9":1,"10":0,"11":1,"12":1,"13":0,"14":0,"15":1,"16":1,"17":0,"18":1,"19":1,"20":0,"21":1,"22":1},"f":{"0":1,"1":0,"2":0,"3":0,"4":0,"5":0,"6":0},"b":{}}
,"/Users/mac/Desktop/my-brand-api/src/models/comment_model.ts": {"path":"/Users/mac/Desktop/my-brand-api/src/models/comment_model.ts","statementMap":{"0":{"start":{"line":1,"column":0},"end":{"line":1,"column":32}},"1":{"start":{"line":3,"column":22},"end":{"line":8,"column":2}},"2":{"start":{"line":10,"column":13},"end":{"line":10,"column":null}},"3":{"start":{"line":11,"column":30},"end":{"line":11,"column":56}},"4":{"start":{"line":11,"column":36},"end":{"line":11,"column":56}},"5":{"start":{"line":11,"column":13},"end":{"line":11,"column":30}},"6":{"start":{"line":12,"column":31},"end":{"line":12,"column":93}},"7":{"start":{"line":12,"column":52},"end":{"line":12,"column":93}},"8":{"start":{"line":12,"column":13},"end":{"line":12,"column":31}},"9":{"start":{"line":13,"column":29},"end":{"line":16,"column":47}},"10":{"start":{"line":13,"column":71},"end":{"line":16,"column":47}},"11":{"start":{"line":16,"column":28},"end":{"line":16,"column":46}},"12":{"start":{"line":13,"column":13},"end":{"line":13,"column":29}},"13":{"start":{"line":17,"column":29},"end":{"line":17,"column":86}},"14":{"start":{"line":17,"column":45},"end":{"line":17,"column":86}},"15":{"start":{"line":17,"column":13},"end":{"line":17,"column":29}},"16":{"start":{"line":18,"column":32},"end":{"line":18,"column":74}},"17":{"start":{"line":18,"column":48},"end":{"line":18,"column":74}},"18":{"start":{"line":18,"column":13},"end":{"line":18,"column":32}},"19":{"start":{"line":19,"column":28},"end":{"line":19,"column":120}},"20":{"start":{"line":19,"column":70},"end":{"line":19,"column":120}},"21":{"start":{"line":19,"column":13},"end":{"line":19,"column":28}},"22":{"start":{"line":20,"column":0},"end":{"line":20,"column":null}}},"fnMap":{"0":{"name":"(anonymous_1)","decl":{"start":{"line":11,"column":30},"end":{"line":11,"column":33}},"loc":{"start":{"line":11,"column":36},"end":{"line":11,"column":56}}},"1":{"name":"(anonymous_2)","decl":{"start":{"line":12,"column":31},"end":{"line":12,"column":32}},"loc":{"start":{"line":12,"column":52},"end":{"line":12,"column":93}}},"2":{"name":"(anonymous_3)","decl":{"start":{"line":13,"column":29},"end":{"line":13,"column":30}},"loc":{"start":{"line":13,"column":71},"end":{"line":16,"column":47}}},"3":{"name":"(anonymous_4)","decl":{"start":{"line":16,"column":15},"end":{"line":16,"column":16}},"loc":{"start":{"line":16,"column":28},"end":{"line":16,"column":46}}},"4":{"name":"(anonymous_5)","decl":{"start":{"line":17,"column":29},"end":{"line":17,"column":30}},"loc":{"start":{"line":17,"column":45},"end":{"line":17,"column":86}}},"5":{"name":"(anonymous_6)","decl":{"start":{"line":18,"column":32},"end":{"line":18,"column":33}},"loc":{"start":{"line":18,"column":48},"end":{"line":18,"column":74}}},"6":{"name":"(anonymous_7)","decl":{"start":{"line":19,"column":28},"end":{"line":19,"column":29}},"loc":{"start":{"line":19,"column":70},"end":{"line":19,"column":120}}}},"branchMap":{},"s":{"0":1,"1":1,"2":1,"3":1,"4":1,"5":1,"6":1,"7":0,"8":1,"9":1,"10":0,"11":0,"12":1,"13":1,"14":0,"15":1,"16":1,"17":0,"18":1,"19":1,"20":0,"21":1,"22":1},"f":{"0":1,"1":0,"2":0,"3":0,"4":0,"5":0,"6":0},"b":{}}
,"/Users/mac/Desktop/my-brand-api/src/models/message_model.ts": {"path":"/Users/mac/Desktop/my-brand-api/src/models/message_model.ts","statementMap":{"0":{"start":{"line":1,"column":0},"end":{"line":1,"column":32}},"1":{"start":{"line":3,"column":22},"end":{"line":8,"column":2}},"2":{"start":{"line":9,"column":13},"end":{"line":9,"column":null}},"3":{"start":{"line":10,"column":27},"end":{"line":10,"column":52}},"4":{"start":{"line":10,"column":33},"end":{"line":10,"column":52}},"5":{"start":{"line":10,"column":13},"end":{"line":10,"column":27}},"6":{"start":{"line":11,"column":31},"end":{"line":11,"column":92}},"7":{"start":{"line":11,"column":52},"end":{"line":11,"column":92}},"8":{"start":{"line":11,"column":13},"end":{"line":11,"column":31}},"9":{"start":{"line":12,"column":29},"end":{"line":12,"column":128}},"10":{"start":{"line":12,"column":59},"end":{"line":12,"column":128}},"11":{"start":{"line":12,"column":109},"end":{"line":12,"column":127}},"12":{"start":{"line":12,"column":13},"end":{"line":12,"column":29}},"13":{"start":{"line":13,"column":29},"end":{"line":13,"column":85}},"14":{"start":{"line":13,"column":45},"end":{"line":13,"column":85}},"15":{"start":{"line":13,"column":13},"end":{"line":13,"column":29}},"16":{"start":{"line":14,"column":32},"end":{"line":14,"column":73}},"17":{"start":{"line":14,"column":48},"end":{"line":14,"column":73}},"18":{"start":{"line":14,"column":13},"end":{"line":14,"column":32}},"19":{"start":{"line":15,"column":28},"end":{"line":15,"column":119}},"20":{"start":{"line":15,"column":70},"end":{"line":15,"column":119}},"21":{"start":{"line":15,"column":13},"end":{"line":15,"column":28}}},"fnMap":{"0":{"name":"(anonymous_1)","decl":{"start":{"line":10,"column":27},"end":{"line":10,"column":30}},"loc":{"start":{"line":10,"column":33},"end":{"line":10,"column":52}}},"1":{"name":"(anonymous_2)","decl":{"start":{"line":11,"column":31},"end":{"line":11,"column":32}},"loc":{"start":{"line":11,"column":52},"end":{"line":11,"column":92}}},"2":{"name":"(anonymous_3)","decl":{"start":{"line":12,"column":29},"end":{"line":12,"column":30}},"loc":{"start":{"line":12,"column":59},"end":{"line":12,"column":128}}},"3":{"name":"(anonymous_4)","decl":{"start":{"line":12,"column":96},"end":{"line":12,"column":97}},"loc":{"start":{"line":12,"column":109},"end":{"line":12,"column":127}}},"4":{"name":"(anonymous_5)","decl":{"start":{"line":13,"column":29},"end":{"line":13,"column":30}},"loc":{"start":{"line":13,"column":45},"end":{"line":13,"column":85}}},"5":{"name":"(anonymous_6)","decl":{"start":{"line":14,"column":32},"end":{"line":14,"column":33}},"loc":{"start":{"line":14,"column":48},"end":{"line":14,"column":73}}},"6":{"name":"(anonymous_7)","decl":{"start":{"line":15,"column":28},"end":{"line":15,"column":29}},"loc":{"start":{"line":15,"column":70},"end":{"line":15,"column":119}}}},"branchMap":{},"s":{"0":1,"1":1,"2":1,"3":1,"4":0,"5":1,"6":1,"7":0,"8":1,"9":1,"10":0,"11":0,"12":1,"13":1,"14":0,"15":1,"16":1,"17":0,"18":1,"19":1,"20":0,"21":1},"f":{"0":0,"1":0,"2":0,"3":0,"4":0,"5":0,"6":0},"b":{}}
,"/Users/mac/Desktop/my-brand-api/src/models/user_model.ts": {"path":"/Users/mac/Desktop/my-brand-api/src/models/user_model.ts","statementMap":{"0":{"start":{"line":1,"column":0},"end":{"line":1,"column":32}},"1":{"start":{"line":3,"column":19},"end":{"line":7,"column":22}},"2":{"start":{"line":9,"column":13},"end":{"line":9,"column":null}},"3":{"start":{"line":10,"column":21},"end":{"line":10,"column":43}},"4":{"start":{"line":10,"column":27},"end":{"line":10,"column":43}},"5":{"start":{"line":10,"column":13},"end":{"line":10,"column":21}},"6":{"start":{"line":11,"column":30},"end":{"line":11,"column":82}},"7":{"start":{"line":11,"column":49},"end":{"line":11,"column":82}},"8":{"start":{"line":11,"column":13},"end":{"line":11,"column":30}},"9":{"start":{"line":13,"column":27},"end":{"line":13,"column":72}},"10":{"start":{"line":13,"column":43},"end":{"line":13,"column":72}},"11":{"start":{"line":13,"column":13},"end":{"line":13,"column":27}},"12":{"start":{"line":15,"column":26},"end":{"line":15,"column":79}},"13":{"start":{"line":15,"column":42},"end":{"line":15,"column":79}},"14":{"start":{"line":15,"column":13},"end":{"line":15,"column":26}},"15":{"start":{"line":16,"column":26},"end":{"line":16,"column":116}},"16":{"start":{"line":16,"column":56},"end":{"line":16,"column":116}},"17":{"start":{"line":16,"column":100},"end":{"line":16,"column":115}},"18":{"start":{"line":16,"column":13},"end":{"line":16,"column":26}},"19":{"start":{"line":17,"column":29},"end":{"line":17,"column":116}},"20":{"start":{"line":17,"column":71},"end":{"line":17,"column":116}},"21":{"start":{"line":17,"column":13},"end":{"line":17,"column":29}},"22":{"start":{"line":18,"column":13},"end":{"line":18,"column":null}}},"fnMap":{"0":{"name":"(anonymous_1)","decl":{"start":{"line":10,"column":21},"end":{"line":10,"column":24}},"loc":{"start":{"line":10,"column":27},"end":{"line":10,"column":43}}},"1":{"name":"(anonymous_2)","decl":{"start":{"line":11,"column":30},"end":{"line":11,"column":31}},"loc":{"start":{"line":11,"column":49},"end":{"line":11,"column":82}}},"2":{"name":"(anonymous_3)","decl":{"start":{"line":13,"column":27},"end":{"line":13,"column":28}},"loc":{"start":{"line":13,"column":43},"end":{"line":13,"column":72}}},"3":{"name":"(anonymous_4)","decl":{"start":{"line":15,"column":26},"end":{"line":15,"column":27}},"loc":{"start":{"line":15,"column":42},"end":{"line":15,"column":79}}},"4":{"name":"(anonymous_5)","decl":{"start":{"line":16,"column":26},"end":{"line":16,"column":27}},"loc":{"start":{"line":16,"column":56},"end":{"line":16,"column":116}}},"5":{"name":"(anonymous_6)","decl":{"start":{"line":16,"column":90},"end":{"line":16,"column":91}},"loc":{"start":{"line":16,"column":100},"end":{"line":16,"column":115}}},"6":{"name":"(anonymous_7)","decl":{"start":{"line":17,"column":29},"end":{"line":17,"column":30}},"loc":{"start":{"line":17,"column":71},"end":{"line":17,"column":116}}}},"branchMap":{},"s":{"0":1,"1":1,"2":1,"3":1,"4":0,"5":1,"6":1,"7":0,"8":1,"9":1,"10":0,"11":1,"12":1,"13":0,"14":1,"15":1,"16":0,"17":0,"18":1,"19":1,"20":0,"21":1,"22":1},"f":{"0":0,"1":0,"2":0,"3":0,"4":0,"5":0,"6":0},"b":{}}
}
