{"/Users/mac/Desktop/my-brand-api/src/server.ts": {"path":"/Users/mac/Desktop/my-brand-api/src/server.ts","statementMap":{"0":{"start":{"line":1,"column":0},"end":{"line":1,"column":45}},"1":{"start":{"line":2,"column":0},"end":{"line":2,"column":37}},"2":{"start":{"line":3,"column":0},"end":{"line":3,"column":41}},"3":{"start":{"line":4,"column":0},"end":{"line":4,"column":38}},"4":{"start":{"line":5,"column":0},"end":{"line":5,"column":24}},"5":{"start":{"line":6,"column":0},"end":{"line":6,"column":28}},"6":{"start":{"line":7,"column":0},"end":{"line":7,"column":43}},"7":{"start":{"line":8,"column":0},"end":{"line":8,"column":43}},"8":{"start":{"line":9,"column":0},"end":{"line":9,"column":39}},"9":{"start":{"line":10,"column":0},"end":{"line":10,"column":42}},"10":{"start":{"line":12,"column":0},"end":{"line":12,"column":null}},"11":{"start":{"line":13,"column":25},"end":{"line":13,"column":34}},"12":{"start":{"line":15,"column":0},"end":{"line":15,"column":23}},"13":{"start":{"line":16,"column":0},"end":{"line":16,"column":24}},"14":{"start":{"line":17,"column":0},"end":{"line":17,"column":27}},"15":{"start":{"line":18,"column":0},"end":{"line":22,"column":2}},"16":{"start":{"line":23,"column":0},"end":{"line":23,"column":null}},"17":{"start":{"line":24,"column":0},"end":{"line":24,"column":null}},"18":{"start":{"line":25,"column":0},"end":{"line":29,"column":2}},"19":{"start":{"line":30,"column":0},"end":{"line":30,"column":68}},"20":{"start":{"line":31,"column":0},"end":{"line":31,"column":17}},"21":{"start":{"line":34,"column":0},"end":{"line":43,"column":5}},"22":{"start":{"line":34,"column":12},"end":{"line":43,"column":2}},"23":{"start":{"line":35,"column":4},"end":{"line":42,"column":5}},"24":{"start":{"line":36,"column":8},"end":{"line":36,"column":27}},"25":{"start":{"line":37,"column":23},"end":{"line":39,"column":10}},"26":{"start":{"line":38,"column":12},"end":{"line":38,"column":58}},"27":{"start":{"line":41,"column":8},"end":{"line":41,"column":55}},"28":{"start":{"line":46,"column":0},"end":{"line":46,"column":null}}},"fnMap":{"0":{"name":"(anonymous_8)","decl":{"start":{"line":34,"column":1},"end":{"line":34,"column":10}},"loc":{"start":{"line":34,"column":12},"end":{"line":43,"column":2}}},"1":{"name":"(anonymous_9)","decl":{"start":{"line":34,"column":12},"end":{"line":34,"column":null}},"loc":{"start":{"line":34,"column":12},"end":{"line":43,"column":1}}},"2":{"name":"(anonymous_10)","decl":{"start":{"line":37,"column":40},"end":{"line":37,"column":43}},"loc":{"start":{"line":37,"column":45},"end":{"line":39,"column":9}}}},"branchMap":{},"s":{"0":1,"1":1,"2":1,"3":1,"4":1,"5":1,"6":1,"7":1,"8":1,"9":1,"10":1,"11":1,"12":1,"13":1,"14":1,"15":1,"16":1,"17":1,"18":1,"19":1,"20":1,"21":1,"22":1,"23":1,"24":1,"25":1,"26":0,"27":0,"28":1},"f":{"0":1,"1":1,"2":0},"b":{}}
,"/Users/mac/Desktop/my-brand-api/src/db/connection.ts": {"path":"/Users/mac/Desktop/my-brand-api/src/db/connection.ts","statementMap":{"0":{"start":{"line":1,"column":0},"end":{"line":1,"column":32}},"1":{"start":{"line":2,"column":0},"end":{"line":2,"column":28}},"2":{"start":{"line":4,"column":0},"end":{"line":4,"column":16}},"3":{"start":{"line":5,"column":26},"end":{"line":15,"column":2}},"4":{"start":{"line":5,"column":37},"end":{"line":15,"column":2}},"5":{"start":{"line":6,"column":4},"end":{"line":6,"column":38}},"6":{"start":{"line":7,"column":26},"end":{"line":7,"column":47}},"7":{"start":{"line":8,"column":4},"end":{"line":14,"column":5}},"8":{"start":{"line":9,"column":8},"end":{"line":9,"column":49}},"9":{"start":{"line":10,"column":8},"end":{"line":10,"column":41}},"10":{"start":{"line":12,"column":8},"end":{"line":12,"column":44}},"11":{"start":{"line":13,"column":8},"end":{"line":13,"column":20}},"12":{"start":{"line":5,"column":13},"end":{"line":5,"column":26}}},"fnMap":{"0":{"name":"(anonymous_8)","decl":{"start":{"line":5,"column":26},"end":{"line":5,"column":35}},"loc":{"start":{"line":5,"column":37},"end":{"line":15,"column":2}}},"1":{"name":"(anonymous_9)","decl":{"start":{"line":5,"column":37},"end":{"line":5,"column":null}},"loc":{"start":{"line":5,"column":37},"end":{"line":15,"column":1}}}},"branchMap":{},"s":{"0":1,"1":1,"2":1,"3":1,"4":1,"5":1,"6":1,"7":1,"8":1,"9":1,"10":0,"11":0,"12":1},"f":{"0":1,"1":1},"b":{}}
,"/Users/mac/Desktop/my-brand-api/src/models/article_model.ts": {"path":"/Users/mac/Desktop/my-brand-api/src/models/article_model.ts","statementMap":{"0":{"start":{"line":1,"column":0},"end":{"line":1,"column":32}},"1":{"start":{"line":3,"column":22},"end":{"line":8,"column":2}},"2":{"start":{"line":9,"column":13},"end":{"line":9,"column":null}},"3":{"start":{"line":10,"column":24},"end":{"line":10,"column":49}},"4":{"start":{"line":10,"column":30},"end":{"line":10,"column":49}},"5":{"start":{"line":10,"column":13},"end":{"line":10,"column":24}},"6":{"start":{"line":11,"column":37},"end":{"line":11,"column":92}},"7":{"start":{"line":11,"column":56},"end":{"line":11,"column":92}},"8":{"start":{"line":11,"column":13},"end":{"line":11,"column":37}},"9":{"start":{"line":12,"column":32},"end":{"line":12,"column":94}},"10":{"start":{"line":12,"column":48},"end":{"line":12,"column":94}},"11":{"start":{"line":12,"column":13},"end":{"line":12,"column":32}},"12":{"start":{"line":13,"column":30},"end":{"line":13,"column":129}},"13":{"start":{"line":13,"column":60},"end":{"line":13,"column":129}},"14":{"start":{"line":13,"column":110},"end":{"line":13,"column":128}},"15":{"start":{"line":13,"column":13},"end":{"line":13,"column":30}},"16":{"start":{"line":14,"column":35},"end":{"line":14,"column":91}},"17":{"start":{"line":14,"column":51},"end":{"line":14,"column":91}},"18":{"start":{"line":14,"column":13},"end":{"line":14,"column":35}},"19":{"start":{"line":15,"column":33},"end":{"line":17,"column":null}},"20":{"start":{"line":15,"column":75},"end":{"line":17,"column":null}},"21":{"start":{"line":15,"column":13},"end":{"line":15,"column":33}},"22":{"start":{"line":19,"column":0},"end":{"line":19,"column":null}}},"fnMap":{"0":{"name":"(anonymous_1)","decl":{"start":{"line":10,"column":24},"end":{"line":10,"column":27}},"loc":{"start":{"line":10,"column":30},"end":{"line":10,"column":49}}},"1":{"name":"(anonymous_2)","decl":{"start":{"line":11,"column":37},"end":{"line":11,"column":38}},"loc":{"start":{"line":11,"column":56},"end":{"line":11,"column":92}}},"2":{"name":"(anonymous_3)","decl":{"start":{"line":12,"column":32},"end":{"line":12,"column":33}},"loc":{"start":{"line":12,"column":48},"end":{"line":12,"column":94}}},"3":{"name":"(anonymous_4)","decl":{"start":{"line":13,"column":30},"end":{"line":13,"column":31}},"loc":{"start":{"line":13,"column":60},"end":{"line":13,"column":129}}},"4":{"name":"(anonymous_5)","decl":{"start":{"line":13,"column":97},"end":{"line":13,"column":98}},"loc":{"start":{"line":13,"column":110},"end":{"line":13,"column":128}}},"5":{"name":"(anonymous_6)","decl":{"start":{"line":14,"column":35},"end":{"line":14,"column":36}},"loc":{"start":{"line":14,"column":51},"end":{"line":14,"column":91}}},"6":{"name":"(anonymous_7)","decl":{"start":{"line":15,"column":33},"end":{"line":15,"column":34}},"loc":{"start":{"line":15,"column":75},"end":{"line":17,"column":null}}}},"branchMap":{},"s":{"0":1,"1":1,"2":1,"3":1,"4":1,"5":1,"6":1,"7":0,"8":1,"9":1,"10":1,"11":1,"12":1,"13":0,"14":0,"15":1,"16":1,"17":2,"18":1,"19":1,"20":0,"21":1,"22":1},"f":{"0":1,"1":0,"2":1,"3":0,"4":0,"5":2,"6":0},"b":{}}
,"/Users/mac/Desktop/my-brand-api/src/models/comment_model.ts": {"path":"/Users/mac/Desktop/my-brand-api/src/models/comment_model.ts","statementMap":{"0":{"start":{"line":1,"column":0},"end":{"line":1,"column":32}},"1":{"start":{"line":3,"column":22},"end":{"line":8,"column":2}},"2":{"start":{"line":10,"column":13},"end":{"line":10,"column":null}},"3":{"start":{"line":11,"column":30},"end":{"line":11,"column":56}},"4":{"start":{"line":11,"column":36},"end":{"line":11,"column":56}},"5":{"start":{"line":11,"column":13},"end":{"line":11,"column":30}},"6":{"start":{"line":12,"column":31},"end":{"line":12,"column":93}},"7":{"start":{"line":12,"column":52},"end":{"line":12,"column":93}},"8":{"start":{"line":12,"column":13},"end":{"line":12,"column":31}},"9":{"start":{"line":13,"column":29},"end":{"line":16,"column":47}},"10":{"start":{"line":13,"column":71},"end":{"line":16,"column":47}},"11":{"start":{"line":16,"column":28},"end":{"line":16,"column":46}},"12":{"start":{"line":13,"column":13},"end":{"line":13,"column":29}},"13":{"start":{"line":17,"column":29},"end":{"line":17,"column":86}},"14":{"start":{"line":17,"column":45},"end":{"line":17,"column":86}},"15":{"start":{"line":17,"column":13},"end":{"line":17,"column":29}},"16":{"start":{"line":18,"column":32},"end":{"line":18,"column":74}},"17":{"start":{"line":18,"column":48},"end":{"line":18,"column":74}},"18":{"start":{"line":18,"column":13},"end":{"line":18,"column":32}},"19":{"start":{"line":19,"column":28},"end":{"line":19,"column":120}},"20":{"start":{"line":19,"column":70},"end":{"line":19,"column":120}},"21":{"start":{"line":19,"column":13},"end":{"line":19,"column":28}},"22":{"start":{"line":20,"column":0},"end":{"line":20,"column":null}}},"fnMap":{"0":{"name":"(anonymous_1)","decl":{"start":{"line":11,"column":30},"end":{"line":11,"column":33}},"loc":{"start":{"line":11,"column":36},"end":{"line":11,"column":56}}},"1":{"name":"(anonymous_2)","decl":{"start":{"line":12,"column":31},"end":{"line":12,"column":32}},"loc":{"start":{"line":12,"column":52},"end":{"line":12,"column":93}}},"2":{"name":"(anonymous_3)","decl":{"start":{"line":13,"column":29},"end":{"line":13,"column":30}},"loc":{"start":{"line":13,"column":71},"end":{"line":16,"column":47}}},"3":{"name":"(anonymous_4)","decl":{"start":{"line":16,"column":15},"end":{"line":16,"column":16}},"loc":{"start":{"line":16,"column":28},"end":{"line":16,"column":46}}},"4":{"name":"(anonymous_5)","decl":{"start":{"line":17,"column":29},"end":{"line":17,"column":30}},"loc":{"start":{"line":17,"column":45},"end":{"line":17,"column":86}}},"5":{"name":"(anonymous_6)","decl":{"start":{"line":18,"column":32},"end":{"line":18,"column":33}},"loc":{"start":{"line":18,"column":48},"end":{"line":18,"column":74}}},"6":{"name":"(anonymous_7)","decl":{"start":{"line":19,"column":28},"end":{"line":19,"column":29}},"loc":{"start":{"line":19,"column":70},"end":{"line":19,"column":120}}}},"branchMap":{},"s":{"0":1,"1":1,"2":1,"3":1,"4":1,"5":1,"6":1,"7":0,"8":1,"9":1,"10":0,"11":0,"12":1,"13":1,"14":0,"15":1,"16":1,"17":0,"18":1,"19":1,"20":0,"21":1,"22":1},"f":{"0":1,"1":0,"2":0,"3":0,"4":0,"5":0,"6":0},"b":{}}
,"/Users/mac/Desktop/my-brand-api/src/utils/swagger.ts": {"path":"/Users/mac/Desktop/my-brand-api/src/utils/swagger.ts","statementMap":{"0":{"start":{"line":2,"column":0},"end":{"line":2,"column":42}},"1":{"start":{"line":3,"column":0},"end":{"line":3,"column":40}},"2":{"start":{"line":5,"column":38},"end":{"line":36,"column":2}},"3":{"start":{"line":39,"column":20},"end":{"line":39,"column":41}},"4":{"start":{"line":40,"column":0},"end":{"line":40,"column":null}}},"fnMap":{},"branchMap":{},"s":{"0":1,"1":1,"2":1,"3":1,"4":1},"f":{},"b":{}}
}
