TN:
SF:src/server.ts
FN:34,(anonymous_8)
FN:34,(anonymous_9)
FN:37,(anonymous_10)
FNF:3
FNH:2
FNDA:1,(anonymous_8)
FNDA:1,(anonymous_9)
FNDA:0,(anonymous_10)
DA:1,1
DA:2,1
DA:3,1
DA:4,1
DA:5,1
DA:6,1
DA:7,1
DA:8,1
DA:9,1
DA:10,1
DA:12,1
DA:13,1
DA:15,1
DA:16,1
DA:17,1
DA:18,1
DA:23,1
DA:24,1
DA:25,1
DA:30,1
DA:31,1
DA:34,1
DA:35,1
DA:36,1
DA:37,1
DA:38,0
DA:41,0
DA:46,1
LF:28
LH:26
BRF:0
BRH:0
end_of_record
TN:
SF:src/db/connection.ts
FN:5,(anonymous_8)
FN:5,(anonymous_9)
FNF:2
FNH:2
FNDA:1,(anonymous_8)
FNDA:1,(anonymous_9)
DA:1,1
DA:2,1
DA:4,1
DA:5,1
DA:6,1
DA:7,1
DA:8,1
DA:9,1
DA:10,1
DA:12,0
DA:13,0
LF:11
LH:9
BRF:0
BRH:0
end_of_record
TN:
SF:src/models/article_model.ts
FN:10,(anonymous_1)
FN:11,(anonymous_2)
FN:12,(anonymous_3)
FN:13,(anonymous_4)
FN:13,(anonymous_5)
FN:14,(anonymous_6)
FN:15,(anonymous_7)
FNF:7
FNH:3
FNDA:1,(anonymous_1)
FNDA:0,(anonymous_2)
FNDA:1,(anonymous_3)
FNDA:0,(anonymous_4)
FNDA:0,(anonymous_5)
FNDA:2,(anonymous_6)
FNDA:0,(anonymous_7)
DA:1,1
DA:3,1
DA:9,1
DA:10,1
DA:11,1
DA:12,1
DA:13,1
DA:14,2
DA:15,1
DA:19,1
LF:10
LH:10
BRF:0
BRH:0
end_of_record
TN:
SF:src/models/comment_model.ts
FN:11,(anonymous_1)
FN:12,(anonymous_2)
FN:13,(anonymous_3)
FN:16,(anonymous_4)
FN:17,(anonymous_5)
FN:18,(anonymous_6)
FN:19,(anonymous_7)
FNF:7
FNH:1
FNDA:1,(anonymous_1)
FNDA:0,(anonymous_2)
FNDA:0,(anonymous_3)
FNDA:0,(anonymous_4)
FNDA:0,(anonymous_5)
FNDA:0,(anonymous_6)
FNDA:0,(anonymous_7)
DA:1,1
DA:3,1
DA:10,1
DA:11,1
DA:12,1
DA:13,1
DA:16,0
DA:17,1
DA:18,1
DA:19,1
DA:20,1
LF:11
LH:10
BRF:0
BRH:0
end_of_record
TN:
SF:src/utils/swagger.ts
FNF:0
FNH:0
DA:2,1
DA:3,1
DA:5,1
DA:39,1
DA:40,1
LF:5
LH:5
BRF:0
BRH:0
end_of_record
